[1629857688.981][INFO]: Starting ChromeDriver 92.0.4515.107 (87a818b10553a07434ea9e2b6dccf3cbe7895134-refs/branch-heads/4515@{#1634}) on port 24090
[1629857688.981][INFO]: Please see https://chromedriver.chromium.org/security-considerations for suggestions on keeping ChromeDriver safe.
[1629857690.049][INFO]: [014890cd2514e3abe7b755fe34b51e90] COMMAND InitSession {
   "capabilities": {
      "firstMatch": [ {
         "browserName": "chrome",
         "goog:chromeOptions": {
            "args": [ "user-data-dir=C:\\Users\\DELL\\AppData\\Local\\Google\\Chrome\\User Data\\Profile 24", "--disable-notifications", "--start-maximized" ],
            "extensions": [  ]
         }
      } ]
   },
   "desiredCapabilities": {
      "browserName": "chrome",
      "goog:chromeOptions": {
         "args": [ "user-data-dir=C:\\Users\\DELL\\AppData\\Local\\Google\\Chrome\\User Data\\Profile 24", "--disable-notifications", "--start-maximized" ],
         "extensions": [  ]
      }
   }
}
[1629857690.074][INFO]: Populating Preferences file: {
   "NewTabPage": {
      "PrevNavigationTime": "13274331086952174"
   },
   "account_id_migration_state": 2,
   "account_tracker_service_last_update": "13274329762955480",
   "alternate_error_pages": {
      "backup": true
   },
   "autocomplete": {
      "retention_policy_last_version": 92
   },
   "autofill": {
      "orphan_rows_removed": true
   },
   "autogenerated": {
      "theme": {
         "color": -15374912
      }
   },
   "bookmark_bar": {
      "show_on_all_tabs": true
   },
   "browser": {
      "has_seen_welcome_page": true,
      "window_placement": {
         "bottom": 701,
         "left": 2,
         "maximized": true,
         "right": 1012,
         "top": 10,
         "work_area_bottom": 728,
         "work_area_left": 0,
         "work_area_right": 1366,
         "work_area_top": 0
      }
   },
   "countryid_at_install": 18766,
   "data_reduction": {
      "daily_original_length": [ "0", "0", "0", "0", "0", "0", "0", "0", "0", "0", "0", "0", "0", "0", "0", "0", "0", "0", "0", "0", "0", "0", "0", "0", "0", "0", "0", "0", "0", "0", "0", "0", "0", "0", "0", "0", "0", "0", "0", "0", "0", "0", "0", "54807", "59214", "211470", "202549", "429652", "0", "0", "0", "0", "0", "0", "112134", "0", "0", "205805", "0", "357833" ],
      "daily_received_length": [ "0", "0", "0", "0", "0", "0", "0", "0", "0", "0", "0", "0", "0", "0", "0", "0", "0", "0", "0", "0", "0", "0", "0", "0", "0", "0", "0", "0", "0", "0", "0", "0", "0", "0", "0", "0", "0", "0", "0", "0", "0", "0", "0", "54807", "59214", "211470", "202549", "429652", "0", "0", "0", "0", "0", "0", "112134", "0", "0", "205805", "0", "357833" ],
      "last_update_date": "13274303400000000",
      "last_week_services_downstream_background_kb": {

      },
      "last_week_services_downstream_foreground_kb": {
         "112189210": 36,
         "130931413": 16,
         "35473769": 0,
         "35565745": 12,
         "41424546": 8,
         "54845618": 20,
         "67052219": 0,
         "78917933": 521,
         "88863520": 0
      },
      "last_week_user_traffic_contenttype_downstream_kb": {

      },
      "this_week_number": 2694,
      "this_week_services_downstream_background_kb": {

      },
      "this_week_services_downstream_foreground_kb": {
         "112189210": 39,
         "130931413": 21,
         "35473769": 0,
         "35565745": 13,
         "41424546": 13,
         "54845618": 29,
         "67052219": 0,
         "78917933": 533,
         "88863520": 0
      },
      "this_week_user_traffic_contenttype_downstream_kb": {

      }
   },
   "default_apps_install_state": 3,
   "domain_diversity": {
      "last_reporting_timestamp": "13274329763582356"
   },
   "download": {
      "directory_upgrade": true
   },
   "extensions": {
      "alerts": {
         "initialized": true
      },
      "chrome_url_overrides": {

      },
      "commands": {

      },
      "install_signature": {
         "expire_date": "2021-10-31",
         "ids": [ "aapocclcgogkmnckokdopfmhonfmgoek", "aohghmighlieiainnegkcijnfilokake", "felcaaldnbdncclmgdcncolpebgiejap", "ghbmnnjooekpmoecnnnilnnbdlolhkhi", "ljngjbnaijcbncmcnjfhigebomdlkcjo" ],
         "invalid_ids": [  ],
         "salt": "c4xNAQAzHuzlgDN5eX2Lo2HP75ibyVer6dnm2oSGlTc=",
         "signature": "CFRyjXXQyxewkCHGq1nVD0VNI39+imb659mfpfDIFvOgkZcSduwkNpFEOP/YYh8mUDP+ZBhxD6S8ox7L3G7i6Gzo9JACRiOVMI3L6JsKLQyPh5X+m2GSsNfaDQLMLL3D5A+4xeCWXw+Ncb2v+uQiIqlb9Cv7FOem6zlR5ovnSJV4fErDQHqGuW9zCg98y//ZuoDLIrhhRoLe0J47z69CFOP+ueDmIPeJO5dFYqNQoI9ksQleRlKFWaKS+wvQwbpzw9cUv9aWyOa9D+LqM9HLXmjMHG4bRJxBGsfTYBZftWHl/R0MjNP+lYVVVOau02NbG25oquAMWzOdvFCNahiNaA==",
         "signature_format_version": 2,
         "timestamp": "13272946419021909"
      },
      "last_chrome_version": "92.0.4515.131",
      "pinned_extensions": [ "ljngjbnaijcbncmcnjfhigebomdlkcjo" ],
      "theme": {
         "id": "autogenerated_theme_id"
      }
   },
   "federated_learning": {
      "floc_id": {
         "compute_time": "13272945178734549",
         "finch_config_version": "1",
         "history_begin_time": "0",
         "history_end_time": "0",
         "sorting_lsh_version": "0"
      }
   },
   "gaia_cookie": {
      "changed_time": 1628471579.376347,
      "hash": "2jmj7l5rSw0yVb/vlWAYkK/YBwk=",
      "last_list_accounts_data": "[\"gaia.l.a.r\",[]]"
   },
   "gcm": {
      "product_category_for_subtypes": "com.chrome.windows"
   },
   "google": {
      "services": {
         "signin_scoped_device_id": "f52dc2cb-239d-4336-a4c0-9c02bbf2bc18"
      }
   },
   "http_original_content_length": "1633464",
   "http_received_content_length": "1633464",
   "in_product_help": {
      "snoozed_feature": {
         "IPH_ProfileSwitch": {
            "is_dismissed": false,
            "last_show_time": "13272945196907401",
            "last_snooze_duration": "0",
            "last_snooze_time": "0",
            "show_count": 1,
            "snooze_count": 0
         }
      }
   },
   "intl": {
      "selected_languages": "en-US,en"
   },
   "invalidation": {
      "per_sender_topics_to_handler": {
         "1013309121859": {

         },
         "8181035976": {

         }
      }
   },
   "language_model_counters": {
      "en": 80
   },
   "media": {
      "device_id_salt": "B366B34D386FE68FBD007185BC9AA1F3",
      "engagement": {
         "schema_version": 4
      }
   },
   "media_router": {
      "receiver_id_hash_token": "gn5QSIjRA6Siw/959gOyf+15BRTZbecG0NRWo30dxC51AtDk+PXWS2IqMsUE6dpiD0iePIAMTTBdrRw2A3miGA=="
   },
   "ntp": {
      "custom_background_local_to_device": false,
      "num_personal_suggestions": 6
   },
   "optimization_guide": {
      "hintsfetcher": {
         "last_fetch_attempt": "13274331091973804"
      }
   },
   "plugins": {
      "plugins_list": [  ]
   },
   "prefetch": {
      "search_prefetch": {
         "cache": {
            "https://www.google.com/search?q=chropath+for+chrome&rlz=1C1CHBD_enIN877IN877&oq=chropath+for+ch&aqs=chrome.0.0i512j69i57j0i512l2j0i22i30j0i390l3.17071j0j4&sourceid=chrome&ie=UTF-8": [ "https://www.google.com/search?q=chropath+for+chrome&rlz=1C1CHBD_enIN877IN877&oq=chropath+&aqs=chrome.1.69i57j0i512l9&pf=cs&sourceid=chrome&ie=UTF-8", "13272945279038477" ]
         }
      }
   },
   "privacy_sandbox": {
      "preferences_reconciled": true
   },
   "profile": {
      "avatar_bubble_tutorial_shown": 2,
      "avatar_index": 26,
      "content_settings": {
         "enable_quiet_permission_ui_enabling_method": {
            "notifications": 1
         },
         "exceptions": {
            "accessibility_events": {

            },
            "app_banner": {

            },
            "ar": {

            },
            "auto_select_certificate": {

            },
            "automatic_downloads": {

            },
            "autoplay": {

            },
            "background_sync": {

            },
            "bluetooth_chooser_data": {

            },
            "bluetooth_guard": {

            },
            "bluetooth_scanning": {

            },
            "camera_pan_tilt_zoom": {

            },
            "client_hints": {

            },
            "clipboard": {

            },
            "cookies": {

            },
            "durable_storage": {

            },
            "file_handling": {

            },
            "file_system_access_chooser_data": {

            },
            "file_system_last_picked_directory": {

            },
            "file_system_read_guard": {

            },
            "file_system_write_guard": {

            },
            "font_access": {

            },
            "geolocation": {

            },
            "hid_chooser_data": {

            },
            "hid_guard": {

            },
            "idle_detection": {

            },
            "images": {

            },
            "important_site_info": {

            },
            "insecure_private_network": {

            },
            "installed_web_app_metadata": {

            },
            "intent_picker_auto_display": {

            },
            "javascript": {

            },
            "legacy_cookie_access": {

            },
            "media_engagement": {
               "https://accounts.google.com:443,*": {
                  "expiration": "0",
                  "last_modified": "13272945311939982",
                  "model": 0,
                  "setting": {
                     "hasHighScore": false,
                     "lastMediaPlaybackTime": 0.0,
                     "mediaPlaybacks": 0,
                     "visits": 1
                  }
               },
               "https://chrome.google.com:443,*": {
                  "expiration": "0",
                  "last_modified": "13272945342155327",
                  "model": 0,
                  "setting": {
                     "hasHighScore": false,
                     "lastMediaPlaybackTime": 0.0,
                     "mediaPlaybacks": 0,
                     "visits": 1
                  }
               },
               "https://irctc.com:443,*": {
                  "expiration": "0",
                  "last_modified": "13272945365672626",
                  "model": 0,
                  "setting": {
                     "hasHighScore": false,
                     "lastMediaPlaybackTime": 0.0,
                     "mediaPlaybacks": 0,
                     "visits": 1
                  }
               },
               "https://www.amazon.in:443,*": {
                  "expiration": "0",
                  "last_modified": "13274331274842761",
                  "model": 0,
                  "setting": {
                     "hasHighScore": false,
                     "lastMediaPlaybackTime": 0.0,
                     "mediaPlaybacks": 0,
                     "visits": 31
                  }
               },
               "https://www.google.com:443,*": {
                  "expiration": "0",
                  "last_modified": "13272945282137081",
                  "model": 0,
                  "setting": {
                     "hasHighScore": false,
                     "lastMediaPlaybackTime": 0.0,
                     "mediaPlaybacks": 0,
                     "visits": 1
                  }
               },
               "https://www.icicibank.com:443,*": {
                  "expiration": "0",
                  "last_modified": "13272946505877691",
                  "model": 0,
                  "setting": {
                     "hasHighScore": false,
                     "lastMediaPlaybackTime": 0.0,
                     "mediaPlaybacks": 0,
                     "visits": 1
                  }
               },
               "https://www.redbus.in:443,*": {
                  "expiration": "0",
                  "last_modified": "13272945408798044",
                  "model": 0,
                  "setting": {
                     "hasHighScore": false,
                     "lastMediaPlaybackTime": 0.0,
                     "mediaPlaybacks": 0,
                     "visits": 1
                  }
               }
            },
            "media_stream_camera": {

            },
            "media_stream_mic": {

            },
            "midi_sysex": {

            },
            "mixed_script": {

            },
            "nfc": {

            },
            "notifications": {

            },
            "password_protection": {

            },
            "payment_handler": {

            },
            "permission_autoblocking_data": {

            },
            "permission_autorevocation_data": {

            },
            "popups": {

            },
            "ppapi_broker": {

            },
            "protected_media_identifier": {

            },
            "protocol_handler": {

            },
            "safe_browsing_url_check_data": {

            },
            "sensors": {

            },
            "serial_chooser_data": {

            },
            "serial_guard": {

            },
            "site_engagement": {
               "https://accounts.google.com:443,*": {
                  "expiration": "0",
                  "last_modified": "13274329767472734",
                  "model": 0,
                  "setting": {
                     "lastEngagementTime": 1.3274120485869932e+16,
                     "lastShortcutLaunchTime": 0.0,
                     "pointsAddedToday": 3.0,
                     "rawScore": 3.0
                  }
               },
               "https://chrome.google.com:443,*": {
                  "expiration": "0",
                  "last_modified": "13274329767472836",
                  "model": 0,
                  "setting": {
                     "lastEngagementTime": 1.3274120494535868e+16,
                     "lastShortcutLaunchTime": 0.0,
                     "pointsAddedToday": 2.7,
                     "rawScore": 2.7
                  }
               },
               "https://irctc.com:443,*": {
                  "expiration": "0",
                  "last_modified": "13274329767472955",
                  "model": 0,
                  "setting": {
                     "lastEngagementTime": 1.3274120518367684e+16,
                     "lastShortcutLaunchTime": 0.0,
                     "pointsAddedToday": 3.0,
                     "rawScore": 3.0
                  }
               },
               "https://www.amazon.in:443,*": {
                  "expiration": "0",
                  "last_modified": "13274331126061688",
                  "model": 0,
                  "setting": {
                     "lastEngagementTime": 1.3274331126061648e+16,
                     "lastShortcutLaunchTime": 0.0,
                     "pointsAddedToday": 15.0,
                     "rawScore": 74.75343910971554
                  }
               },
               "https://www.google.com:443,*": {
                  "expiration": "0",
                  "last_modified": "13274329767472875",
                  "model": 0,
                  "setting": {
                     "lastEngagementTime": 1.3274120455330348e+16,
                     "lastShortcutLaunchTime": 0.0,
                     "pointsAddedToday": 3.0,
                     "rawScore": 3.0
                  }
               },
               "https://www.icicibank.com:443,*": {
                  "expiration": "0",
                  "last_modified": "13274329767472914",
                  "model": 0,
                  "setting": {
                     "lastEngagementTime": 1.3274121611813648e+16,
                     "lastShortcutLaunchTime": 0.0,
                     "pointsAddedToday": 4.5,
                     "rawScore": 4.5
                  }
               },
               "https://www.redbus.in:443,*": {
                  "expiration": "0",
                  "last_modified": "13274329767473035",
                  "model": 0,
                  "setting": {
                     "lastEngagementTime": 1.327412054188542e+16,
                     "lastShortcutLaunchTime": 0.0,
                     "pointsAddedToday": 3.0,
                     "rawScore": 3.0
                  }
               }
            },
            "sound": {

            },
            "ssl_cert_decisions": {

            },
            "storage_access": {

            },
            "subresource_filter": {

            },
            "subresource_filter_data": {

            },
            "usb_chooser_data": {

            },
            "usb_guard": {

            },
            "vr": {

            },
            "webid_request": {

            },
            "webid_share": {

            },
            "window_placement": {

            }
         },
         "pref_version": 1
      },
      "created_by_version": "92.0.4515.131",
      "creation_time": "13272945176882869",
      "exit_type": "Normal",
      "icon_version": 7,
      "last_engagement_time": "13274331126061649",
      "last_time_obsolete_http_credentials_removed": 1628471637.045422,
      "managed_user_id": "",
      "name": "AugustChromeProfile",
      "password_account_storage_exists": true,
      "password_account_storage_settings": {

      },
      "was_phished_credentials_uploaded_to_sync": true
   },
   "safebrowsing": {
      "event_timestamps": {

      },
      "metrics_last_log_time": "13274329762"
   },
   "sessions": {
      "event_log": [ {
         "tab_count": 1,
         "time": "13274329996787046",
         "type": 2,
         "window_count": 1
      }, {
         "crashed": false,
         "time": "13274330005035201",
         "type": 0
      }, {
         "tab_count": 1,
         "time": "13274330057377733",
         "type": 2,
         "window_count": 1
      }, {
         "crashed": false,
         "time": "13274330377824518",
         "type": 0
      }, {
         "tab_count": 1,
         "time": "13274330471431317",
         "type": 2,
         "window_count": 1
      }, {
         "crashed": false,
         "time": "13274330489064111",
         "type": 0
      }, {
         "tab_count": 1,
         "time": "13274330991842980",
         "type": 2,
         "window_count": 1
      }, {
         "crashed": false,
         "time": "13274331002246912",
         "type": 0
      }, {
         "tab_count": 1,
         "time": "13274331075096598",
         "type": 2,
         "window_count": 1
      }, {
         "crashed": false,
         "time": "13274331086735540",
         "type": 0
      }, {
         "tab_count": 1,
         "time": "13274331274831198",
         "type": 2,
         "window_count": 1
      } ],
      "session_data_status": 3
   },
   "signin": {
      "DiceMigrationComplete": true,
      "allowed": true
   },
   "spellcheck": {
      "dictionaries": [ "en-US" ],
      "dictionary": "",
      "use_spelling_service": false
   },
   "sync": {
      "requested": false
   },
   "token_service": {
      "dice_compatible": true
   },
   "translate_site_blacklist_with_time": {

   },
   "unified_consent": {
      "migration_state": 10
   },
   "web_apps": {
      "did_migrate_default_chrome_apps": [  ],
      "last_preinstall_synchronize_version": "92",
      "system_web_app_failure_count": 0,
      "system_web_app_last_attempted_language": "en-US",
      "system_web_app_last_attempted_update": "92.0.4515.159",
      "system_web_app_last_installed_language": "en-US",
      "system_web_app_last_update": "92.0.4515.159"
   },
   "zerosuggest": {
      "cachedresults": ")]}'\n[\"\",[],[],[],{\"google:clientdata\":{\"bpc\":false,\"tlw\":false},\"google:suggesttype\":[],\"google:verbatimrelevance\":851}]"
   }
}
[1629857690.086][INFO]: Populating Local State file: {
   "autofill": {
      "states_data_dir": "C:\\Users\\DELL\\AppData\\Local\\Google\\Chrome\\User Data\\Profile 24\\AutofillStates\\2020.11.2.164946"
   },
   "background_mode": {
      "enabled": false
   },
   "browser": {
      "shortcut_migration_version": "92.0.4515.131"
   },
   "data_use_measurement": {
      "data_used": {
         "services": {
            "background": {

            },
            "foreground": {

            }
         },
         "user": {
            "background": {

            },
            "foreground": {

            }
         }
      }
   },
   "hardware_acceleration_mode_previous": true,
   "legacy": {
      "profile": {
         "name": {
            "migrated": true
         }
      }
   },
   "origin_trials": {
      "disabled_features": [ "SecurePaymentConfirmation" ]
   },
   "os_crypt": {
      "encrypted_key": "RFBBUEkBAAAA0Iyd3wEV0RGMegDAT8KX6wEAAABIfeACSuB+SYX8imWow5+/AAAAAAIAAAAAABBmAAAAAQAAIAAAAIsI0K3BIrnw/nQtSACUExgKb14Cw0l1dHSgTKbHxLVUAAAAAA6AAAAAAgAAIAAAAPk0zH4JCdl09gQ6Yd5bHo+Bizgjz8n/jW7xIFHcC+xwMAAAAJQsJ3ZVeg2Aez+KjJ9WrAc9/qGcriDZfp0QBvakx4FINUE74UjqA+uUd8bZdRjZ/0AAAACJLVx0btnf/6ehBFicFcM4IesfjIJ/3QqxwBYSix+Cnd9W+jF+CZao9bHxcOYeIN6Sjsh7x1n6JjclABzr345s"
   },
   "password_manager": {
      "os_password_blank": true,
      "os_password_last_changed": "13274331127895083"
   },
   "policy": {
      "last_statistics_update": "13274329762338485"
   },
   "profile": {
      "info_cache": {
         "Default": {
            "active_time": 1629856162.833742,
            "avatar_icon": "chrome://theme/IDR_PROFILE_AVATAR_26",
            "background_apps": false,
            "default_avatar_fill_color": -15911582,
            "default_avatar_stroke_color": -1,
            "gaia_given_name": "",
            "gaia_id": "",
            "gaia_name": "",
            "hosted_domain": "",
            "is_consented_primary_account": false,
            "is_ephemeral": false,
            "is_guest": false,
            "is_using_default_avatar": true,
            "is_using_default_name": false,
            "managed_user_id": "",
            "metrics_bucket_index": 1,
            "name": "AugustChromeProfile",
            "profile_highlight_color": -15911582,
            "signin.with_credential_provider": false,
            "user_name": ""
         }
      },
      "last_active_profiles": [  ],
      "metrics": {
         "next_bucket_index": 2
      },
      "profile_counts_reported": "13274329762359189"
   },
   "profile_network_context_service": {
      "http_cache_finch_experiment_groups": "None None None"
   },
   "shutdown": {
      "num_processes": 5,
      "num_processes_slow": 1,
      "type": 1
   },
   "ssl": {
      "rev_checking": {
         "enabled": false
      }
   },
   "subresource_filter": {
      "ruleset_version": {
         "checksum": 741888932,
         "content": "9.29.4",
         "format": 30
      }
   },
   "tab_stats": {
      "last_daily_sample": "13274329762851057",
      "max_tabs_per_window": 1,
      "total_tab_count_max": 1,
      "window_count_max": 1
   },
   "ukm": {
      "persisted_logs": [  ]
   },
   "uninstall_metrics": {
      "installation_date2": "1574898982"
   },
   "updateclientdata": {
      "apps": {
         "aemomkdncapdnfajjbbcbdebjljbpmpj": {
            "cohort": "1::",
            "cohortname": "",
            "dlrc": 5349,
            "fp": "1.c25787c5c76ff9c4c50a87d32802301c9ed80d934830d677bbc6629e290cb5aa",
            "pf": "de6c0108-5fd1-4d5a-93d8-79e4abe7d4fe",
            "pv": "1.0.6.0"
         },
         "cmahhnpholdijhjokonmfdjbfmklppij": {
            "cohort": "1:wr3:",
            "cohorthint": "Auto",
            "cohortname": "Auto",
            "dlrc": 5349,
            "fp": "1.b4ddbdce4f8d5c080328aa34c19cb533f2eedec580b5d97dc14f74935e4756b7",
            "pf": "dad4f7c0-d1bd-4cda-82a9-239a8cba00e3",
            "pv": "1.0.6"
         },
         "dhlpobdgcjafebgbbhjdnapejmpkgiie": {
            "cohort": "1:z9x:",
            "cohorthint": "Auto",
            "cohortname": "Auto",
            "dlrc": 5349,
            "fp": "1.05c0d3e48eef6a0e14bf09fd45c3a59884acda10841efd11045bb8e5c425c597",
            "pf": "ea33144d-5ede-4d62-9def-d9d17392a640",
            "pv": "20210813.1"
         },
         "eeigpngbgcognadeebkilcpcaedhellh": {
            "cohort": "1:w59:",
            "cohorthint": "Auto",
            "cohortname": "Auto",
            "dlrc": 5349,
            "fp": "1.c64c9c1008f3ba5f6e18b3ca524bc98dcd8acfae0a2720a8f1f3ef0f8d643d05",
            "pf": "23d6672d-00e2-44eb-aa6e-bb02bfe6950d",
            "pv": "2020.11.2.164946"
         },
         "ehgidpndbllacpjalkiimkbadgjfnnmc": {
            "cohort": "1:ofl:",
            "cohorthint": "stable64",
            "cohortname": "stable64",
            "dlrc": 5349,
            "fp": "1.a8a79d350c2a5e3bc36226633a8e0bed0dfab184e77f38fc8f0820ebacf8eafc",
            "pf": "c415a1f8-7bc6-47c1-aada-8f148563e467",
            "pv": "2018.8.8.0"
         },
         "gcmjkmgdlgnkkcocmoeiminaijmmjnii": {
            "cohort": "1:bm1:",
            "cohorthint": "M54ToM99",
            "cohortname": "M54ToM99",
            "dlrc": 5349,
            "fp": "1.b45fc5f3479dc7b07e8e5822a11785819b7f1c249c9b47dcffcb28edbbc2d706",
            "pf": "65ffd64e-185c-4d26-843c-1333f5480d2a",
            "pv": "9.29.4"
         },
         "ggkkehgbnfjpeggfpleeakpidbkibbmn": {
            "cohort": "1:ut9:1103@0.01",
            "cohorthint": "M80ToM99",
            "cohortname": "M80ToM99",
            "dlrc": 5349,
            "fp": "1.d8ea5056887442a9c63ed77fead8bdb10d19a2d6e6e61a14998120c5bb50b9db",
            "pf": "84fea15e-d0fb-44a7-938f-a5e2a6878724",
            "pv": "2021.8.17.1141"
         },
         "giekcmmlnklenlaomppkphknjmnnpneh": {
            "cohort": "1:j5l:",
            "cohorthint": "Auto",
            "cohortname": "Auto",
            "dlrc": 5349,
            "fp": "1.fd515ec0dc30d25a09641b8b83729234bc50f4511e35ce17d24fd996252eaace",
            "pf": "5e40ea94-a955-4e83-a4a6-be4b28e98f5d",
            "pv": "7"
         },
         "gkmgaooipdjhmangpemjhigmamcehddo": {
            "cohort": "1::",
            "cohortname": "",
            "dlrc": 5349,
            "pf": "492ec21d-c47d-4957-9d64-394beb8d6ad5"
         },
         "hfnkpimlhhgieaddgfemjhofmfblmnib": {
            "cohort": "1:jcl:",
            "cohorthint": "Auto",
            "cohortname": "Auto",
            "dlrc": 5349,
            "fp": "1.b2b216f25b167a6a71eeb68af3ca6028ceac9cf2e93766eeae5442cfdcf5b477",
            "pf": "82a9d5ce-d53c-497a-b281-b0e00090c098",
            "pv": "6812"
         },
         "hnimpnehoodheedghdeeijklkeaacbdc": {
            "cohort": "1::",
            "cohortname": "",
            "dlrc": 5349,
            "fp": "1.6f6bc93dcd62dc251850d2ff458fda96083ceb7fbe8eeb11248b8485ef2aea23",
            "pf": "ee7696a1-10c4-4afa-b095-0afc2ef009d6",
            "pv": "0.57.44.2492"
         },
         "ihnlcenocehgdaegdmhbidjhnhdchfmm": {
            "cohort": "1::",
            "cohortname": "",
            "dlrc": 5349,
            "pf": "679f9734-7b22-40de-837e-6ea1f7ffeda2"
         },
         "imefjhfbkmcmebodilednhmaccmincoa": {
            "cohort": "1:zor:",
            "cohorthint": "Auto",
            "cohortname": "Auto",
            "dlrc": 5349,
            "fp": "1.58e200da225ccbe9590ed1dddfa8532dfb61a457cce7c7a38e522c98d1d36448",
            "pf": "d868285f-19be-4349-b6e3-af3cdc950fb7",
            "pv": "25"
         },
         "jamhcnnkihinmdlkakkaopbjbbcngflc": {
            "cohort": "1:wvr:",
            "cohorthint": "Auto",
            "cohortname": "Auto",
            "dlrc": 5349,
            "fp": "1.8816316753750d8f0c2e4b4c22e32d8e14d521b46436b5f2e395083aebea9e32",
            "pf": "e9c9f93e-fb9e-44b9-8f7d-8cc9c044619d",
            "pv": "95.0.4620.2"
         },
         "jflookgnkcckhobaglndicnbbgbonegd": {
            "cohort": "1:s7x:",
            "cohorthint": "Auto",
            "cohortname": "Auto",
            "dlrc": 5349,
            "fp": "1.e7d6a1df5e9e1ca11e2c8a3591ac1a65d614c4412357dfefe7d97abbb6ba090a",
            "pf": "493b81b8-5438-4ecd-be94-f3302b644267",
            "pv": "2683"
         },
         "khaoiebndkojlmppeemjhbpbandiljpe": {
            "cohort": "1:cux:",
            "cohorthint": "Auto",
            "cohortname": "Auto",
            "dlrc": 5349,
            "fp": "1.ffd1d2d75a8183b0a1081bd03a7ce1d140fded7a9fb52cf3ae864cd4d408ceb4",
            "pf": "30ec38ed-af0e-44c1-98eb-6f57dbbc7b88",
            "pv": "43"
         },
         "llkgjffcdpffmhiakmfcdcblohccpfmo": {
            "cohort": "1::",
            "cohortname": "",
            "dlrc": 5349,
            "fp": "1.2731bdeddb1470bf2f7ae9c585e7315be52a8ce98b8af698ece8e500426e378a",
            "pf": "4031c826-7025-4551-bed5-defeca8dde02",
            "pv": "1.0.0.8"
         },
         "lmelglejhemejginpboagddgdfbepgmp": {
            "cohort": "1:lwl:",
            "cohorthint": "Auto",
            "cohortname": "Auto",
            "dlrc": 5349,
            "fp": "1.4a041f669e8c33c0a389125c50945c01bea7f8bf30088e226ea52690010fc03c",
            "pf": "9f95eaa4-fc6f-44fb-9332-3d1f9c426c6d",
            "pv": "294"
         },
         "obedbbhbpmojnkanicioggnmelmoomoc": {
            "cohort": "1:s6f:",
            "cohorthint": "Auto",
            "cohortname": "Auto",
            "dlrc": 5349,
            "fp": "1.092e82c72caa1aa869e6484a3b9adf9b3dafd9d4cc4c6bc2943e56b6affc4ac7",
            "pf": "ccb0e5b8-1416-4e49-913c-587a5ed10f48",
            "pv": "20210804.389434843"
         },
         "oimompecagnajdejgnnjijobebaeigek": {
            "cohort": "1::",
            "cohortname": "",
            "dlrc": 5349,
            "pf": "5b5f244c-463a-43cd-bc50-3c156c923cf0"
         },
         "ojhpjlocmbogdgmfpkhlaaeamibhnphh": {
            "cohort": "1:w0x:",
            "cohorthint": "Auto",
            "cohortname": "Auto",
            "dlrc": 5349,
            "fp": "1.478aa915e78878e332a0b4bb4d2a6fb67ff1c7f7b62fe906f47095ba5ae112d0",
            "pf": "b75ffb35-bb1b-423b-aa51-d3acea753e52",
            "pv": "1"
         },
         "pdafiollngonhoadbmdoemagnfpdphbe": {
            "cohort": "1:vz3:",
            "cohorthint": "Auto",
            "cohortname": "Auto",
            "dlrc": 5349,
            "fp": "1.54b93e249d02a0f9061e8f70866d4668a0260db9ae43483810ab78f97f3eaa2a",
            "pf": "4993bede-2d53-4dbc-94b8-e2cb6cce55f4",
            "pv": "2021.8.17.1300"
         }
      }
   },
   "user_experience_metrics": {
      "client_id2": "73c9e22d-b2ef-4602-a610-a24c2b84ca64",
      "client_id_timestamp": "1574836563",
      "low_entropy_source3": 3510,
      "machine_id": 4809022,
      "pseudo_low_entropy_source": 1304,
      "session_id": 31,
      "stability": {
         "browser_last_live_timestamp": "13274331275191686",
         "child_process_crash_count": 0,
         "crash_count": 0,
         "exited_cleanly": true,
         "extension_renderer_crash_count": 0,
         "extension_renderer_failed_launch_count": 0,
         "extension_renderer_launch_count": 13,
         "gpu_crash_count": 0,
         "incomplete_session_end_count": 0,
         "launch_count": 13,
         "page_load_count": 77,
         "plugin_stats2": [  ],
         "renderer_crash_count": 0,
         "renderer_failed_launch_count": 0,
         "renderer_hang_count": 0,
         "renderer_launch_count": 115,
         "session_end_completed": true,
         "stats_buildtime": "1628878608",
         "stats_version": "92.0.4515.159-64",
         "system_crash_count": 0
      }
   },
   "was": {
      "restarted": false
   }
}
[1629857690.093][INFO]: Launching chrome: "C:\Program Files (x86)\Google\Chrome\Application\chrome.exe" --allow-pre-commit-input --disable-background-networking --disable-backgrounding-occluded-windows --disable-client-side-phishing-detection --disable-default-apps --disable-hang-monitor --disable-notifications --disable-popup-blocking --disable-prompt-on-repost --disable-sync --enable-automation --enable-blink-features=ShadowDOMV0 --enable-logging --log-level=0 --no-first-run --no-service-autorun --password-store=basic --remote-debugging-port=0 --start-maximized --test-type=webdriver --use-mock-keychain --user-data-dir="C:\Users\DELL\AppData\Local\Google\Chrome\User Data\Profile 24"
[1629857691.554][INFO]: resolved localhost to ["::1","127.0.0.1"]
[1629857696.460][INFO]: [014890cd2514e3abe7b755fe34b51e90] RESPONSE InitSession {
   "capabilities": {
      "acceptInsecureCerts": false,
      "browserName": "chrome",
      "browserVersion": "92.0.4515.159",
      "chrome": {
         "chromedriverVersion": "92.0.4515.107 (87a818b10553a07434ea9e2b6dccf3cbe7895134-refs/branch-heads/4515@{#1634})",
         "userDataDir": "C:\\Users\\DELL\\AppData\\Local\\Google\\Chrome\\User Data\\Profile 24"
      },
      "goog:chromeOptions": {
         "debuggerAddress": "localhost:61715"
      },
      "networkConnectionEnabled": false,
      "pageLoadStrategy": "normal",
      "platformName": "windows",
      "proxy": {

      },
      "setWindowRect": true,
      "strictFileInteractability": false,
      "timeouts": {
         "implicit": 0,
         "pageLoad": 300000,
         "script": 30000
      },
      "unhandledPromptBehavior": "dismiss and notify",
      "webauthn:extension:credBlob": true,
      "webauthn:extension:largeBlob": true,
      "webauthn:virtualAuthenticators": true
   },
   "sessionId": "014890cd2514e3abe7b755fe34b51e90"
}
[1629857696.583][INFO]: [014890cd2514e3abe7b755fe34b51e90] COMMAND Navigate {
   "url": "https://www.amazon.in"
}
[1629857696.583][INFO]: Waiting for pending navigations...
[1629857696.586][INFO]: Done waiting for pending navigations. Status: ok
[1629857700.411][INFO]: Waiting for pending navigations...
[1629857703.130][INFO]: Done waiting for pending navigations. Status: ok
[1629857703.130][INFO]: [014890cd2514e3abe7b755fe34b51e90] RESPONSE Navigate
[1629857703.150][INFO]: [014890cd2514e3abe7b755fe34b51e90] COMMAND Navigate {
   "url": "https://www.amazon.in"
}
[1629857703.151][INFO]: Waiting for pending navigations...
[1629857728.924][INFO]: Done waiting for pending navigations. Status: ok
[1629857729.799][INFO]: Waiting for pending navigations...
[1629857733.232][INFO]: Done waiting for pending navigations. Status: ok
[1629857733.232][INFO]: [014890cd2514e3abe7b755fe34b51e90] RESPONSE Navigate
[1629857733.264][INFO]: [014890cd2514e3abe7b755fe34b51e90] COMMAND FindElement {
   "using": "link text",
   "value": "Customer Service"
}
[1629857733.264][INFO]: Waiting for pending navigations...
[1629857733.288][INFO]: Done waiting for pending navigations. Status: ok
[1629857733.516][INFO]: Waiting for pending navigations...
[1629857733.633][INFO]: Done waiting for pending navigations. Status: ok
[1629857733.633][INFO]: [014890cd2514e3abe7b755fe34b51e90] RESPONSE FindElement {
   "element-6066-11e4-a52e-4f735466cecf": "8f9ba5f1-2f9f-4bc7-8f18-08299e008ddf"
}
[1629857733.652][INFO]: [014890cd2514e3abe7b755fe34b51e90] COMMAND GetElementText {
   "id": "8f9ba5f1-2f9f-4bc7-8f18-08299e008ddf"
}
[1629857733.652][INFO]: Waiting for pending navigations...
[1629857733.670][INFO]: Done waiting for pending navigations. Status: ok
[1629857733.715][INFO]: Waiting for pending navigations...
[1629857733.736][INFO]: Done waiting for pending navigations. Status: ok
[1629857733.736][INFO]: [014890cd2514e3abe7b755fe34b51e90] RESPONSE GetElementText "Customer Service"
[1629857733.756][INFO]: [014890cd2514e3abe7b755fe34b51e90] COMMAND Screenshot {

}
[1629857733.756][INFO]: Waiting for pending navigations...
[1629857734.019][INFO]: Done waiting for pending navigations. Status: ok
[1629857734.581][INFO]: Waiting for pending navigations...
[1629857734.586][INFO]: Done waiting for pending navigations. Status: ok
[1629857734.586][INFO]: [014890cd2514e3abe7b755fe34b51e90] RESPONSE Screenshot "iVBORw0KGgoAAAANSUhEUgAABVYAAAJFCAYAAAA23KypAAAAAXNSR0IArs4c6QAAIABJREFUeJzs3Xlc1NX+x/HXzACDoqAmKCqCCrgQYbiiYep1LUEN3H5imrjc0Myl0qybS2ZpqVy30tQsqdQk13K9apJrairiAqggmgllghsDzMzvj2EGBoZFRQH9PB8PH/Ldz..."
