[1633397887.001][INFO]: Starting ChromeDriver 94.0.4606.61 (418b78f5838ed0b1c69bb4e51ea0252171854915-refs/branch-heads/4606@{#1204}) on port 25362
[1633397887.002][INFO]: Please see https://chromedriver.chromium.org/security-considerations for suggestions on keeping ChromeDriver safe.
[1633397887.608][INFO]: [cf35500a97fe133f56aea6f6dd9692bd] COMMAND InitSession {
   "capabilities": {
      "firstMatch": [ {
         "browserName": "chrome",
         "goog:chromeOptions": {
            "args": [  ],
            "extensions": [  ]
         }
      } ]
   },
   "desiredCapabilities": {
      "browserName": "chrome",
      "goog:chromeOptions": {
         "args": [  ],
         "extensions": [  ]
      }
   }
}
[1633397887.619][INFO]: Populating Preferences file: {
   "alternate_error_pages": {
      "enabled": false
   },
   "autofill": {
      "enabled": false
   },
   "browser": {
      "check_default_browser": false
   },
   "distribution": {
      "import_bookmarks": false,
      "import_history": false,
      "import_search_engine": false,
      "make_chrome_default_for_user": false,
      "skip_first_run_ui": true
   },
   "dns_prefetching": {
      "enabled": false
   },
   "profile": {
      "content_settings": {
         "pattern_pairs": {
            "https://*,*": {
               "media-stream": {
                  "audio": "Default",
                  "video": "Default"
               }
            }
         }
      },
      "default_content_setting_values": {
         "geolocation": 1
      },
      "default_content_settings": {
         "geolocation": 1,
         "mouselock": 1,
         "notifications": 1,
         "popups": 1,
         "ppapi-broker": 1
      },
      "password_manager_enabled": false
   },
   "safebrowsing": {
      "enabled": false
   },
   "search": {
      "suggest_enabled": false
   },
   "translate": {
      "enabled": false
   }
}
[1633397887.621][INFO]: Populating Local State file: {
   "background_mode": {
      "enabled": false
   },
   "ssl": {
      "rev_checking": {
         "enabled": false
      }
   }
}
[1633397887.625][INFO]: Launching chrome: "C:\Program Files\Google\Chrome\Application\chrome.exe" --allow-pre-commit-input --disable-background-networking --disable-backgrounding-occluded-windows --disable-client-side-phishing-detection --disable-default-apps --disable-hang-monitor --disable-popup-blocking --disable-prompt-on-repost --disable-sync --enable-automation --enable-blink-features=ShadowDOMV0 --enable-logging --log-level=0 --no-first-run --no-service-autorun --password-store=basic --remote-debugging-port=0 --test-type=webdriver --use-mock-keychain --user-data-dir="C:\Users\ravi\AppData\Local\Temp\scoped_dir12256_1882386508" data:,
[1633397888.935][INFO]: resolved localhost to ["::1","127.0.0.1"]
[1633397889.029][INFO]: [cf35500a97fe133f56aea6f6dd9692bd] RESPONSE InitSession {
   "capabilities": {
      "acceptInsecureCerts": false,
      "browserName": "chrome",
      "browserVersion": "94.0.4606.61",
      "chrome": {
         "chromedriverVersion": "94.0.4606.61 (418b78f5838ed0b1c69bb4e51ea0252171854915-refs/branch-heads/4606@{#1204})",
         "userDataDir": "C:\\Users\\ravi\\AppData\\Local\\Temp\\scoped_dir12256_1882386508"
      },
      "goog:chromeOptions": {
         "debuggerAddress": "localhost:55339"
      },
      "networkConnectionEnabled": false,
      "pageLoadStrategy": "normal",
      "platformName": "windows",
      "proxy": {

      },
      "setWindowRect": true,
      "strictFileInteractability": false,
      "timeouts": {
         "implicit": 0,
         "pageLoad": 300000,
         "script": 30000
      },
      "unhandledPromptBehavior": "dismiss and notify",
      "webauthn:extension:credBlob": true,
      "webauthn:extension:largeBlob": true,
      "webauthn:virtualAuthenticators": true
   },
   "sessionId": "cf35500a97fe133f56aea6f6dd9692bd"
}
[1633397889.279][INFO]: [cf35500a97fe133f56aea6f6dd9692bd] COMMAND Navigate {
   "url": "http://automationpractice.com/index.php"
}
[1633397889.279][INFO]: Waiting for pending navigations...
[1633397889.286][INFO]: Done waiting for pending navigations. Status: ok
[1633397890.248][INFO]: Waiting for pending navigations...
[1633397896.535][INFO]: Done waiting for pending navigations. Status: ok
[1633397896.535][INFO]: [cf35500a97fe133f56aea6f6dd9692bd] RESPONSE Navigate
[1633397896.545][INFO]: [cf35500a97fe133f56aea6f6dd9692bd] COMMAND Navigate {
   "url": "http://automationpractice.com/index.php"
}
[1633397896.546][INFO]: Waiting for pending navigations...
[1633397896.546][INFO]: Done waiting for pending navigations. Status: ok
[1633397897.198][INFO]: Waiting for pending navigations...
[1633397898.637][INFO]: Done waiting for pending navigations. Status: ok
[1633397898.637][INFO]: [cf35500a97fe133f56aea6f6dd9692bd] RESPONSE Navigate
[1633397898.726][INFO]: [cf35500a97fe133f56aea6f6dd9692bd] COMMAND FindElement {
   "using": "link text",
   "value": "Sign in"
}
[1633397898.726][INFO]: Waiting for pending navigations...
[1633397898.727][INFO]: Done waiting for pending navigations. Status: ok
[1633397898.769][INFO]: Waiting for pending navigations...
[1633397898.770][INFO]: Done waiting for pending navigations. Status: ok
[1633397898.771][INFO]: [cf35500a97fe133f56aea6f6dd9692bd] RESPONSE FindElement {
   "element-6066-11e4-a52e-4f735466cecf": "40daf382-8c09-41ac-a165-ce405152d0ee"
}
[1633397898.786][INFO]: [cf35500a97fe133f56aea6f6dd9692bd] COMMAND ClickElement {
   "id": "40daf382-8c09-41ac-a165-ce405152d0ee"
}
[1633397898.786][INFO]: Waiting for pending navigations...
[1633397898.796][INFO]: Done waiting for pending navigations. Status: ok
[1633397898.978][INFO]: Waiting for pending navigations...
[1633397901.005][INFO]: Done waiting for pending navigations. Status: ok
[1633397901.005][INFO]: [cf35500a97fe133f56aea6f6dd9692bd] RESPONSE ClickElement
[1633397901.024][INFO]: [cf35500a97fe133f56aea6f6dd9692bd] COMMAND FindElement {
   "using": "css selector",
   "value": "#email"
}
[1633397901.024][INFO]: Waiting for pending navigations...
[1633397901.032][INFO]: Done waiting for pending navigations. Status: ok
[1633397901.054][INFO]: Waiting for pending navigations...
[1633397901.054][INFO]: Done waiting for pending navigations. Status: ok
[1633397901.055][INFO]: [cf35500a97fe133f56aea6f6dd9692bd] RESPONSE FindElement {
   "element-6066-11e4-a52e-4f735466cecf": "82420ae7-dbab-4c46-b723-1bed665bff62"
}
[1633397901.087][INFO]: [cf35500a97fe133f56aea6f6dd9692bd] COMMAND TypeElement {
   "id": "82420ae7-dbab-4c46-b723-1bed665bff62",
   "text": "qatest76767@gmail.com",
   "value": [ "q", "a", "t", "e", "s", "t", "7", "6", "7", "6", "7", "@", "g", "m", "a", "i", "l", ".", "c", "o", "m" ]
}
[1633397901.087][INFO]: Waiting for pending navigations...
[1633397901.089][INFO]: Done waiting for pending navigations. Status: ok
[1633397901.376][INFO]: Waiting for pending navigations...
[1633397901.381][INFO]: Done waiting for pending navigations. Status: ok
[1633397901.381][INFO]: [cf35500a97fe133f56aea6f6dd9692bd] RESPONSE TypeElement
[1633397901.391][INFO]: [cf35500a97fe133f56aea6f6dd9692bd] COMMAND FindElement {
   "using": "css selector",
   "value": "#passwd"
}
[1633397901.391][INFO]: Waiting for pending navigations...
[1633397901.397][INFO]: Done waiting for pending navigations. Status: ok
[1633397901.426][INFO]: Waiting for pending navigations...
[1633397901.427][INFO]: Done waiting for pending navigations. Status: ok
[1633397901.427][INFO]: [cf35500a97fe133f56aea6f6dd9692bd] RESPONSE FindElement {
   "element-6066-11e4-a52e-4f735466cecf": "7fa09ef1-8123-4de5-9da9-a0aa0e38e95a"
}
[1633397901.447][INFO]: [cf35500a97fe133f56aea6f6dd9692bd] COMMAND TypeElement {
   "id": "7fa09ef1-8123-4de5-9da9-a0aa0e38e95a",
   "text": "password",
   "value": [ "p", "a", "s", "s", "w", "o", "r", "d" ]
}
[1633397901.447][INFO]: Waiting for pending navigations...
[1633397901.471][INFO]: Done waiting for pending navigations. Status: ok
[1633397901.802][INFO]: Waiting for pending navigations...
[1633397901.805][INFO]: Done waiting for pending navigations. Status: ok
[1633397901.805][INFO]: [cf35500a97fe133f56aea6f6dd9692bd] RESPONSE TypeElement
[1633397901.822][INFO]: [cf35500a97fe133f56aea6f6dd9692bd] COMMAND FindElement {
   "using": "xpath",
   "value": "//button[@id='SubmitLogin']"
}
[1633397901.822][INFO]: Waiting for pending navigations...
[1633397901.824][INFO]: Done waiting for pending navigations. Status: ok
[1633397901.882][INFO]: Waiting for pending navigations...
[1633397901.887][INFO]: Done waiting for pending navigations. Status: ok
[1633397901.887][INFO]: [cf35500a97fe133f56aea6f6dd9692bd] RESPONSE FindElement {
   "element-6066-11e4-a52e-4f735466cecf": "c487f797-cdeb-4557-960b-a9e46bf926a2"
}
[1633397901.900][INFO]: [cf35500a97fe133f56aea6f6dd9692bd] COMMAND ClickElement {
   "id": "c487f797-cdeb-4557-960b-a9e46bf926a2"
}
[1633397901.901][INFO]: Waiting for pending navigations...
[1633397901.902][INFO]: Done waiting for pending navigations. Status: ok
[1633397902.067][INFO]: Waiting for pending navigations...
[1633397903.309][INFO]: Done waiting for pending navigations. Status: ok
[1633397903.309][INFO]: [cf35500a97fe133f56aea6f6dd9692bd] RESPONSE ClickElement
[1633397903.323][INFO]: [cf35500a97fe133f56aea6f6dd9692bd] COMMAND FindElement {
   "using": "xpath",
   "value": "//li[contains(text(),'Authentication failed.')]"
}
[1633397903.323][INFO]: Waiting for pending navigations...
[1633397903.324][INFO]: Done waiting for pending navigations. Status: ok
[1633397903.353][INFO]: Waiting for pending navigations...
[1633397903.353][INFO]: Done waiting for pending navigations. Status: ok
[1633397903.353][INFO]: [cf35500a97fe133f56aea6f6dd9692bd] RESPONSE FindElement {
   "element-6066-11e4-a52e-4f735466cecf": "27f290ba-6b95-4301-9f5b-6c6f6eb91064"
}
[1633397903.357][INFO]: [cf35500a97fe133f56aea6f6dd9692bd] COMMAND GetElementText {
   "id": "27f290ba-6b95-4301-9f5b-6c6f6eb91064"
}
[1633397903.357][INFO]: Waiting for pending navigations...
[1633397903.358][INFO]: Done waiting for pending navigations. Status: ok
[1633397903.375][INFO]: Waiting for pending navigations...
[1633397903.376][INFO]: Done waiting for pending navigations. Status: ok
[1633397903.376][INFO]: [cf35500a97fe133f56aea6f6dd9692bd] RESPONSE GetElementText "Authentication failed."
