1630372686515	geckodriver	INFO	Listening on 127.0.0.1:3782
1630372686830	mozrunner::runner	INFO	Running command: "C:\\Program Files (x86)\\Mozilla Firefox\\firefox.exe" "--marionette" "-foreground" "-no-remote" "-profile" "C:\\Users\\ravi\\AppData\\Local\\Temp\\rust_mozprofile5huE8W"
1630372689514	Marionette	INFO	Marionette enabled
console.warn: SearchSettings: "get: No settings file exists, new profile?" (new NotFoundError("Could not open the file at C:\\Users\\ravi\\AppData\\Local\\Temp\\rust_mozprofile5huE8W\\search.json.mozlz4", (void 0)))
1630372707733	Marionette	INFO	Listening on port 55179
1630372707798	RemoteAgent	WARN	TLS certificate errors will be ignored for this session
console.error: Region.jsm: "Error fetching region" (new Error("TIMEOUT", "resource://gre/modules/Region.jsm", 772))
console.error: Region.jsm: "Failed to fetch region" (new Error("TIMEOUT", "resource://gre/modules/Region.jsm", 419))
1630372732720	Marionette	INFO	Stopped listening on port 55179
JavaScript error: resource://gre/modules/AsyncShutdown.jsm, line 575: NotFoundError: No such JSWindowActor 'MarionetteEvents'
JavaScript error: resource:///modules/Interactions.jsm, line 209: NS_ERROR_FAILURE: Component returned failure code: 0x80004005 (NS_ERROR_FAILURE) [nsIUserIdleService.removeIdleObserver]
WARNING: At least one completion condition is taking too long to complete. Conditions: [{"name":"ContentParent: id=17db4400","state":{"remoteTypePrefix":"web"},"filename":"/builds/worker/checkouts/gecko/dom/ipc/ContentParent.cpp","lineNumber":3502,"stack":["resource://gre/modules/nsAsyncShutdown.jsm:addBlocker:162","chrome://global/content/elements/browser-custom-element.js:get loadContext:386","chrome://global/content/elements/browser-custom-element.js:construct:1005","chrome://global/content/elements/browser-custom-element.js:connectedCallback:324","chrome://browser/content/tabbrowser.js:_setupInitialBrowserAndTab:408","chrome://browser/content/tabbrowser.js:init:50","chrome://browser/content/browser.js:onDOMContentLoaded:1682"]}] Barrier: profile-before-change
JavaScript error: resource://gre/modules/CrashManager.jsm, line 829: AbortError: IOUtils: Shutting down and refusing additional I/O tasks
console.error: (new Error("SessionFile is closed", "resource:///modules/sessionstore/SessionFile.jsm", 433))
*** UTM:SVC TimerManager:registerTimer called after profile-before-change notification. Ignoring timer registration for id: telemetry_modules_ping
*** UTM:SVC TimerManager:registerTimer called after profile-before-change notification. Ignoring timer registration for id: telemetry_untrustedmodules_ping
[Parent 10556, IPC I/O Parent] WARNING: pipe error: 232: file /builds/worker/checkouts/gecko/ipc/chromium/src/chrome/common/ipc_channel_win.cc:544
[GFX1]: Attempting to post to an invalid CompoJsiavaScrtor Threaidpt
 error: resource:///modules/sessionstore/SessionStore.jsm, line 2047: TypeError: subject.QueryInterface is not a function
A content process crashed and MOZ_CRASHREPORTER_SHUTDOWN is set, shutting down
